<?xml version="1.0" encoding="UTF-8"?>
<!-- Generated by org.testng.reporters.JUnitReportReporter -->
<testsuite hostname="PC-20170725TZYG" name="cn.hx.appium.cases.ToyRentCase" tests="12" failures="1" timestamp="24 Oct 2018 02:17:40 GMT" time="625.977" errors="0">
  <testcase name="rentByNowCase" time="11.415" classname="cn.hx.appium.cases.ToyRentCase"/>
  <testcase name="carOperateCase" time="51.046" classname="cn.hx.appium.cases.ToyRentCase"/>
  <testcase name="addCarRentCase" time="137.389" classname="cn.hx.appium.cases.ToyRentCase"/>
  <testcase name="rentByCarCase" time="35.817" classname="cn.hx.appium.cases.ToyRentCase"/>
  <testcase name="carOperateCase" time="43.508" classname="cn.hx.appium.cases.ToyRentCase"/>
  <testcase name="typeAndAgeCase" time="26.106" classname="cn.hx.appium.cases.ToyRentCase"/>
  <testcase name="rentByCarCase" time="35.175" classname="cn.hx.appium.cases.ToyRentCase"/>
  <testcase name="typeAndAgeCase" time="23.756" classname="cn.hx.appium.cases.ToyRentCase"/>
  <testcase name="addCarRentCase" time="148.698" classname="cn.hx.appium.cases.ToyRentCase"/>
  <testcase name="addCarDetailCase" time="61.257" classname="cn.hx.appium.cases.ToyRentCase"/>
  <testcase name="addCarDetailCase" time="38.336" classname="cn.hx.appium.cases.ToyRentCase">
    <failure type="java.lang.AssertionError" message="null">
      <![CDATA[java.lang.AssertionError: null
	at org.testng.Assert.fail(Assert.java:94)
	at org.testng.Assert.fail(Assert.java:101)
	at cn.hx.appium.testng.Assertion.fail(Assertion.java:64)
	at cn.hx.appium.testng.Assertion.assertEquals(Assertion.java:19)
	at cn.hx.appium.cases.ToyRentCase.addCarDetailCase(ToyRentCase.java:71)
	at sun.reflect.NativeMethodAccessorImpl.invoke0(Native Method)
	at sun.reflect.NativeMethodAccessorImpl.invoke(NativeMethodAccessorImpl.java:62)
	at sun.reflect.DelegatingMethodAccessorImpl.invoke(DelegatingMethodAccessorImpl.java:43)
	at java.lang.reflect.Method.invoke(Method.java:498)
	at org.testng.internal.MethodInvocationHelper.invokeMethod(MethodInvocationHelper.java:86)
	at org.testng.internal.Invoker.invokeMethod(Invoker.java:643)
	at org.testng.internal.Invoker.retryFailed(Invoker.java:967)
	at org.testng.internal.Invoker.invokeTestMethods(Invoker.java:1146)
	at org.testng.internal.TestMethodWorker.invokeTestMethods(TestMethodWorker.java:129)
	at org.testng.internal.TestMethodWorker.run(TestMethodWorker.java:112)
	at org.testng.TestRunner.privateRun(TestRunner.java:782)
	at org.testng.TestRunner.run(TestRunner.java:632)
	at org.testng.SuiteRunner.runTest(SuiteRunner.java:366)
	at org.testng.SuiteRunner.access$000(SuiteRunner.java:39)
	at org.testng.SuiteRunner$SuiteWorker.run(SuiteRunner.java:400)
	at org.testng.internal.thread.ThreadUtil$2.call(ThreadUtil.java:64)
	at java.util.concurrent.FutureTask.run(FutureTask.java:266)
	at java.util.concurrent.ThreadPoolExecutor.runWorker(ThreadPoolExecutor.java:1149)
	at java.util.concurrent.ThreadPoolExecutor$Worker.run(ThreadPoolExecutor.java:624)
	at java.lang.Thread.run(Thread.java:748)
]]>
    </failure>
  </testcase> <!-- addCarDetailCase -->
  <testcase name="rentByNowCase" time="13.474" classname="cn.hx.appium.cases.ToyRentCase"/>
</testsuite> <!-- cn.hx.appium.cases.ToyRentCase -->
